SF:lib/bonjour_service/bonjour_service.dart
DA:16,1
DA:32,1
DA:35,1
DA:36,1
DA:40,3
DA:41,4
DA:50,0
DA:51,0
DA:53,0
DA:54,0
DA:60,0
DA:61,0
DA:66,1
DA:67,1
DA:71,2
DA:72,2
DA:73,2
DA:77,0
DA:78,0
DA:79,0
DA:86,0
DA:87,0
DA:88,0
DA:90,0
DA:91,0
DA:99,1
DA:100,2
DA:101,3
DA:104,0
DA:105,0
DA:108,0
DA:109,0
DA:110,0
DA:111,0
DA:113,0
DA:114,0
DA:116,0
DA:121,0
DA:123,0
DA:124,0
DA:125,0
DA:128,0
DA:129,0
DA:132,0
DA:138,0
DA:139,0
DA:140,0
DA:141,0
DA:145,1
DA:147,2
DA:151,0
DA:154,0
DA:155,0
DA:170,1
DA:171,1
DA:172,1
DA:173,1
DA:174,1
DA:183,0
DA:186,0
DA:188,0
DA:189,0
DA:194,0
DA:195,0
DA:197,0
DA:199,0
DA:205,1
DA:206,1
DA:213,1
LF:69
LH:24
end_of_record
SF:lib/network_service.dart
DA:12,1
DA:20,1
DA:24,1
DA:28,1
DA:29,3
DA:30,1
DA:39,1
DA:40,2
DA:41,2
DA:42,2
DA:45,2
DA:46,0
DA:47,2
DA:52,0
DA:53,0
DA:54,0
DA:55,0
DA:58,0
DA:59,0
DA:60,0
DA:91,0
DA:92,0
DA:93,0
DA:97,0
DA:98,0
DA:99,0
DA:100,0
DA:104,0
DA:115,1
DA:116,1
DA:117,1
DA:118,2
DA:119,0
DA:122,3
DA:128,1
DA:129,2
DA:133,0
DA:134,0
DA:138,1
DA:139,2
DA:140,0
DA:144,0
DA:145,0
DA:146,0
LF:44
LH:21
end_of_record
SF:lib/connection.dart
DA:16,0
DA:22,0
DA:30,0
DA:31,0
DA:32,0
LF:5
LH:0
end_of_record
